<?xml version="1.0" encoding="UTF-8"?>
<testsuite name="Create user" tests="1" skipped="0" failures="0" errors="0" timestamp="2023-04-26T22:11:58" hostname="SQABOG-SQA4115" time="2.904">
  <properties/>
  <testcase name="Create user" classname="Create user" time="2.904"/>
  <system-out><![CDATA[{
  "id": 5,
  "username": "andres20",
  "firstName": "andres",
  "lastName": "rincon",
  "email": "andresrincon@gmail.com",
  "password": "rincon12345",
  "phone": "3139584736",
  "userStatus": 304
}
]]></system-out>
  <system-err><![CDATA[[Test worker] INFO net.thucydides.core.steps.ConsoleLoggingListener - 
        __    _____ _____ ____ _____   ____   _    ____  ____  _____ ____  
  _     \ \  |_   _| ____/ ___|_   _| |  _ \ / \  / ___|/ ___|| ____|  _ \ 
 (_)_____| |   | | |  _| \___ \ | |   | |_) / _ \ \___ \\___ \|  _| | | | |
  _|_____| |   | | | |___ ___) || |   |  __/ ___ \ ___) |___) | |___| |_| |
 (_)     | |   |_| |_____|____/ |_|   |_| /_/   \_\____/|____/|_____|____/ 
        /_/                                                                

TEST PASSED: Create user
----------------------------------------------------------------------------
]]></system-err>
</testsuite>
