<?xml version="1.0" encoding="UTF-8"?>
<testsuite name="Place an order for a pet" tests="1" skipped="0" failures="0" errors="0" timestamp="2023-04-26T22:12:02" hostname="SQABOG-SQA4115" time="0.581">
  <properties/>
  <testcase name="Place an order for a pet successfully" classname="Place an order for a pet" time="0.581"/>
  <system-out><![CDATA[{
  "id": "2",
  "petId": "2727",
  "quantity": "5",
  "shipDate": "2023-04-26T19:14:57.065Z",
  "status": "approved",
  "complete": "true"
}
]]></system-out>
  <system-err><![CDATA[[Test worker] INFO net.thucydides.core.steps.ConsoleLoggingListener - 
        __    _____ _____ ____ _____   ____   _    ____  ____  _____ ____  
  _     \ \  |_   _| ____/ ___|_   _| |  _ \ / \  / ___|/ ___|| ____|  _ \ 
 (_)_____| |   | | |  _| \___ \ | |   | |_) / _ \ \___ \\___ \|  _| | | | |
  _|_____| |   | | | |___ ___) || |   |  __/ ___ \ ___) |___) | |___| |_| |
 (_)     | |   |_| |_____|____/ |_|   |_| /_/   \_\____/|____/|_____|____/ 
        /_/                                                                

TEST PASSED: Place an order for a pet successfully
----------------------------------------------------------------------------
]]></system-err>
</testsuite>
